Arguments: 
  /usr/local/bin/node /usr/local/Cellar/yarn/1.22.10/libexec/bin/yarn.js install

PATH: 
  /Users/stocad/.amplify/bin:/usr/local/Caskroom/miniforge/base/bin:/usr/local/Caskroom/miniforge/base/condabin:/Users/stocad/.nix-profile/bin:/Users/stocad/.cabal/bin:/Users/stocad/.ghcup/bin:/Library/Frameworks/Python.framework/Versions/3.9/bin:/usr/local/bin:/usr/bin:/bin:/usr/sbin:/sbin:/Library/Apple/usr/bin

Yarn version: 
  1.22.10

Node version: 
  17.0.1

Platform: 
  darwin arm64

Trace: 
  Error: connect ECONNREFUSED 127.0.0.1:4873
      at TCPConnectWrap.afterConnect [as oncomplete] (node:net:1161:16)

npm manifest: 
  {
    "name": "crosswordbuilder",
    "version": "1.0.0",
    "description": "Library code to build crossword puzzles one word at a time.",
    "main": "src/main.ts",
    "scripts": {
      "test": "mocha --reporter spec --require ts-node/register 'tests/**/*.test.ts'"
    },
    "author": "Aaron Stockton",
    "license": "ISC",
    "dependencies": {
      "@types/chai": "^4.2.22",
      "@types/lodash": "^4.14.177",
      "@types/mocha": "^9.0.0",
      "chai": "^4.3.4",
      "lodash": "^4.17.21",
      "mocha": "^9.1.3",
      "prompt-sync": "^4.2.0",
      "ts-node": "^10.4.0",
      "typescript": "^4.5.2"
    },
    "devDependencies": {
      "@types/prompt-sync": "^4.1.1"
    }
  }

yarn manifest: 
  No manifest

Lockfile: 
  No lockfile
